\BOOKMARK [1][-]{section.1}{\376\377\000I\000n\000t\000r\000o\000d\000u\000c\000c\000i\000\363\000n}{}% 1
\BOOKMARK [1][-]{section.2}{\376\377\000R\000e\000n\000d\000i\000m\000i\000e\000n\000t\000o\000s}{}% 2
\BOOKMARK [2][-]{subsection.2.1}{\376\377\000M\000o\000v\000i\000m\000i\000e\000n\000t\000o\000\040\000d\000e\000\040\000t\000i\000e\000r\000r\000a\000s\000,\000\040\000f\000u\000n\000a\000d\000a\000c\000i\000o\000n\000e\000s\000\040\000y\000\040\000v\000i\000a\000l\000i\000d\000a\000d}{section.2}% 3
\BOOKMARK [3][-]{subsubsection.2.1.1}{\376\377\000E\000x\000c\000a\000v\000a\000c\000i\000\363\000n\000\040\000a\000\040\000T\000C\000N\000\040\000C\000a\000m\000i\000n\000o\000s\000\040\000y\000\040\000B\000o\000d\000e\000g\000a\000s}{subsection.2.1}% 4
\BOOKMARK [2][-]{subsection.2.2}{\376\377\000M\000e\000j\000o\000r\000a\000m\000i\000e\000n\000t\000o\000\040\000F\000u\000n\000d\000a\000c\000i\000o\000n\000e\000s\000\040\000c\000o\000n\000\040\000i\000n\000t\000e\000g\000r\000a\000l\000\040\000n\000a\000t\000u\000r\000a\000l}{section.2}% 5
\BOOKMARK [3][-]{subsubsection.2.2.1}{\376\377\000R\000e\000l\000l\000e\000n\000o\000\040\000E\000s\000t\000r\000u\000c\000t\000u\000r\000a\000l\000\040\000b\000a\000j\000o\000\040\0002\000\040\000y\000\040\0006\000\040\000p\000u\000l\000g\000a\000d\000a\000s\000\040\000\050\000e\000n\000t\000r\000e\000\040\000F\000u\000n\000d\000a\000c\000i\000o\000n\000e\000s\000\040\000h\000a\000s\000t\000a\000\040\000S\000u\000b\000r\000a\000s\000a\000n\000t\000e\000\051}{subsection.2.2}% 6
\BOOKMARK [3][-]{subsubsection.2.2.2}{\376\377\000F\000o\000r\000m\000a\000c\000i\000\363\000n\000\040\000y\000\040\000C\000o\000n\000s\000t\000r\000u\000c\000c\000i\000\363\000n\000\040\000d\000e\000\040\000T\000e\000r\000r\000a\000p\000l\000e\000n\000e\000s\000\040\000\050\000m\000\263\000\051}{subsection.2.2}% 7
\BOOKMARK [2][-]{subsection.2.3}{\376\377\000P\000r\000e\000p\000a\000r\000a\000c\000i\000\363\000n\000\040\000d\000e\000\040\000l\000a\000\040\000S\000u\000b\000r\000a\000s\000a\000n\000t\000e}{section.2}% 8
\BOOKMARK [3][-]{subsubsection.2.3.1}{\376\377\000B\000a\000s\000e\000\040\000G\000r\000a\000n\000u\000l\000a\000r\000\040\000C\000B\000R\000\040\000\050\000m\000\263\000\051}{subsection.2.3}% 9
\BOOKMARK [3][-]{subsubsection.2.3.2}{\376\377\000R\000e\000m\000o\000c\000i\000\363\000n\000\040\000d\000e\000\040\000P\000a\000v\000i\000m\000e\000n\000t\000o\000\040\000A\000s\000f\000\341\000l\000t\000i\000c\000o\000\040\000\050\000m\000\262\000\051}{subsection.2.3}% 10
\BOOKMARK [3][-]{subsubsection.2.3.3}{\376\377\000E\000x\000c\000a\000v\000a\000c\000i\000\363\000n\000\040\000e\000n\000\040\000T\000e\000r\000r\000e\000n\000o\000\040\000d\000e\000\040\000C\000u\000a\000l\000q\000u\000i\000e\000r\000\040\000N\000a\000t\000u\000r\000a\000l\000e\000z\000a\000\040\000\050\000T\000C\000N\000\051\000\040\000\050\000m\000\263\000\051}{subsection.2.3}% 11
\BOOKMARK [3][-]{subsubsection.2.3.4}{\376\377\000H\000o\000r\000m\000i\000g\000\363\000n}{subsection.2.3}% 12
\BOOKMARK [3][-]{subsubsection.2.3.5}{\376\377\000A\000c\000e\000r\000o\000\040\000p\000a\000r\000a\000\040\000a\000r\000m\000a\000d\000u\000r\000a\000s\000\040\000A\0006\0003\000-\0004\0002\000H}{subsection.2.3}% 13
\BOOKMARK [3][-]{subsubsection.2.3.6}{\376\377\000D\000e\000m\000o\000l\000i\000c\000i\000\363\000n\000\040\000d\000e\000\040\000A\000c\000e\000r\000a\000s\000\040\000\050\000m\0002\000\051}{subsection.2.3}% 14
\BOOKMARK [3][-]{subsubsection.2.3.7}{\376\377\000R\000e\000m\000o\000c\000i\000\363\000n\000\040\000d\000e\000\040\000S\000o\000l\000e\000r\000a\000s\000\040\000\050\000m\000\051}{subsection.2.3}% 15
\BOOKMARK [3][-]{subsubsection.2.3.8}{\376\377\000S\000o\000l\000e\000r\000a\000\040\000T\000i\000p\000o\000\040\000A\000\040\000\050\000m\000\051}{subsection.2.3}% 16
\BOOKMARK [2][-]{subsection.2.4}{\376\377\000E\000s\000t\000r\000u\000c\000t\000u\000r\000a\000s\000,\000\040\000r\000e\000v\000e\000s\000t\000i\000i\000e\000n\000t\000o\000s\000\040\000y\000\040\000t\000e\000r\000m\000i\000n\000a\000c\000i\000o\000n\000e\000s}{section.2}% 17
\BOOKMARK [3][-]{subsubsection.2.4.1}{\376\377\000E\000s\000t\000r\000u\000c\000t\000u\000r\000a\000\040\000M\000e\000t\000\341\000l\000i\000c\000a\000\040\000M\000o\000n\000t\000a\000d\000o\000\040\000y\000\040\000P\000i\000n\000t\000a\000d\000o\000\040\000\050\000K\000g\000\051}{subsection.2.4}% 18
\BOOKMARK [3][-]{subsubsection.2.4.2}{\376\377\000A\000i\000s\000l\000a\000c\000i\000\363\000n\000\040\000\050\000m\000\262\000\051}{subsection.2.4}% 19
\BOOKMARK [3][-]{subsubsection.2.4.3}{\376\377\000D\000i\000v\000i\000s\000i\000o\000n\000e\000s\000\040\000i\000n\000t\000e\000r\000i\000o\000r\000e\000s\000\040\000b\000o\000d\000e\000g\000a\000s\000\040\000\050\000m\000\262\000\051}{subsection.2.4}% 20
\BOOKMARK [3][-]{subsubsection.2.4.4}{\376\377\000O\000f\000i\000c\000i\000o\000n\000a\000s\000\040\000\050\000m\000\262\000\051}{subsection.2.4}% 21
\BOOKMARK [3][-]{subsubsection.2.4.5}{\376\377\000D\000r\000e\000n\000e\000s\000\040\000\050\000C\000u\000b\000o\000d\000r\000e\000n\000\051\000\040\000\050\000m\0003\000\051}{subsection.2.4}% 22
\BOOKMARK [3][-]{subsubsection.2.4.6}{\376\377\000P\000o\000r\000t\000o\000n\000e\000s\000\040\000B\000o\000d\000e\000g\000a\000s\000\040\000\050\000N\000\260\000\051}{subsection.2.4}% 23
\BOOKMARK [3][-]{subsubsection.2.4.7}{\376\377\000P\000u\000e\000r\000t\000a\000s\000\040\000e\000x\000t\000e\000r\000i\000o\000r\000e\000s\000\040\000\050\000N\000\260\000\051}{subsection.2.4}% 24
\BOOKMARK [3][-]{subsubsection.2.4.8}{\376\377\000M\000u\000r\000o\000s\000\040\000c\000o\000r\000t\000i\000n\000a\000s\000,\000\040\000v\000e\000n\000t\000a\000n\000a\000s\000\040\000y\000\040\000p\000u\000e\000r\000t\000a\000s\000\040\000v\000i\000d\000r\000i\000a\000d\000a\000s\000\040\000\050\000m\000\262\000\051}{subsection.2.4}% 25
\BOOKMARK [3][-]{subsubsection.2.4.9}{\376\377\000P\000o\000r\000t\000e\000r\000i\000a\000\040\000A\000c\000o\000g\000i\000d\000a\000,\000\040\000b\000i\000c\000i\000c\000l\000e\000t\000e\000r\000o\000\040\000y\000\040\000b\000a\000r\000r\000e\000r\000a\000\040\000a\000c\000c\000e\000s\000o\000\040\000\050\000m\000\262\000\051}{subsection.2.4}% 26
\BOOKMARK [3][-]{subsubsection.2.4.10}{\376\377\000S\000a\000l\000a\000\040\000e\000l\000\351\000c\000t\000r\000i\000c\000a\000\040\000\050\000m\000\262\000\051}{subsection.2.4}% 27
\BOOKMARK [3][-]{subsubsection.2.4.11}{\376\377\000S\000a\000l\000a\000\040\000d\000e\000\040\000a\000g\000u\000a\000\040\000p\000o\000t\000a\000b\000l\000e\000\040\000\050\000m\000\262\000\051}{subsection.2.4}% 28
\BOOKMARK [3][-]{subsubsection.2.4.12}{\376\377\000S\000a\000l\000a\000\040\000r\000e\000s\000i\000d\000u\000o\000s\000\040\000\050\000m\000\262\000\051}{subsection.2.4}% 29
\BOOKMARK [3][-]{subsubsection.2.4.13}{\376\377\000C\000i\000e\000r\000r\000e\000\040\000P\000e\000r\000i\000m\000e\000t\000r\000a\000l\000\040\000A\000c\000m\000a\000f\000o\000r\000d\000\040\000\050\000m\000l\000\051}{subsection.2.4}% 30
\BOOKMARK [3][-]{subsubsection.2.4.14}{\376\377\000C\000i\000e\000r\000r\000e\000\040\000P\000e\000r\000i\000m\000e\000t\000r\000a\000l\000\040\000B\000u\000l\000l\000d\000o\000g\000\040\000\050\000m\000l\000\051}{subsection.2.4}% 31
\BOOKMARK [1][-]{section.3}{\376\377\000P\000l\000a\000n\000e\000m\000a\000i\000e\000n\000t\000o\000\040\000d\000e\000\040\000A\000c\000t\000i\000v\000i\000d\000a\000d\000e\000s}{}% 32
\BOOKMARK [1][-]{section.4}{\376\377\000P\000r\000o\000g\000r\000a\000m\000a\000c\000i\000\363\000n\000\040\000d\000e\000\040\000A\000c\000t\000i\000v\000i\000d\000a\000d\000e\000s}{}% 33
\BOOKMARK [1][-]{section.5}{\376\377\000P\000r\000e\000c\000i\000o\000s\000\040\000U\000n\000i\000t\000a\000r\000i\000o\000s}{}% 34
\BOOKMARK [1][-]{section.6}{\376\377\000E\000s\000t\000a\000d\000o\000\040\000d\000e\000\040\000P\000a\000g\000o}{}% 35
\BOOKMARK [1][-]{section.7}{\376\377\000C\000o\000n\000c\000l\000u\000s\000i\000\363\000n}{}% 36
\BOOKMARK [1][-]{section.8}{\376\377\000R\000e\000f\000e\000r\000e\000n\000c\000i\000a\000s}{}% 37
